{"/Users/mattcpchen/Desktop/untitled folder/react-app-v17/src/components/component_01/Comp_css.js": {"path":"/Users/mattcpchen/Desktop/untitled folder/react-app-v17/src/components/component_01/Comp_css.js","statementMap":{"0":{"start":{"line":7,"column":21},"end":{"line":16,"column":1}},"1":{"start":{"line":8,"column":2},"end":{"line":15,"column":4}}},"fnMap":{"0":{"name":"(anonymous_0)","decl":{"start":{"line":7,"column":21},"end":{"line":7,"column":22}},"loc":{"start":{"line":7,"column":27},"end":{"line":16,"column":1}},"line":7}},"branchMap":{},"s":{"0":1,"1":1},"f":{"0":1},"b":{},"_coverageSchema":"1a1c01bbd47fc00a2c39e90264f33305004495a9","hash":"6d945cb8056b965759876ad9027caa64881bf261"}
,"/Users/mattcpchen/Desktop/untitled folder/react-app-v17/src/components/component_01/Comp_module.js": {"path":"/Users/mattcpchen/Desktop/untitled folder/react-app-v17/src/components/component_01/Comp_module.js","statementMap":{"0":{"start":{"line":8,"column":21},"end":{"line":19,"column":1}},"1":{"start":{"line":9,"column":2},"end":{"line":18,"column":4}}},"fnMap":{"0":{"name":"(anonymous_0)","decl":{"start":{"line":8,"column":21},"end":{"line":8,"column":22}},"loc":{"start":{"line":8,"column":27},"end":{"line":19,"column":1}},"line":8}},"branchMap":{},"s":{"0":1,"1":1},"f":{"0":1},"b":{},"_coverageSchema":"1a1c01bbd47fc00a2c39e90264f33305004495a9","hash":"ea2c1d67c67c4e757afb3b8f5cf2b220eed9e9e9"}
,"/Users/mattcpchen/Desktop/untitled folder/react-app-v17/src/components/component_01/Component_01.js": {"path":"/Users/mattcpchen/Desktop/untitled folder/react-app-v17/src/components/component_01/Component_01.js","statementMap":{"0":{"start":{"line":8,"column":21},"end":{"line":23,"column":1}},"1":{"start":{"line":9,"column":2},"end":{"line":22,"column":4}}},"fnMap":{"0":{"name":"(anonymous_0)","decl":{"start":{"line":8,"column":21},"end":{"line":8,"column":22}},"loc":{"start":{"line":8,"column":27},"end":{"line":23,"column":1}},"line":8}},"branchMap":{},"s":{"0":1,"1":1},"f":{"0":1},"b":{},"_coverageSchema":"1a1c01bbd47fc00a2c39e90264f33305004495a9","hash":"8d1b4997e264e69fc42221a4b6b9f7dc872bf8ec"}
,"/Users/mattcpchen/Desktop/untitled folder/react-app-v17/src/components/component_04/Component_04.js": {"path":"/Users/mattcpchen/Desktop/untitled folder/react-app-v17/src/components/component_04/Component_04.js","statementMap":{"0":{"start":{"line":8,"column":18},"end":{"line":12,"column":1}},"1":{"start":{"line":14,"column":25},"end":{"line":17,"column":1}},"2":{"start":{"line":19,"column":21},"end":{"line":28,"column":1}},"3":{"start":{"line":20,"column":2},"end":{"line":27,"column":4}}},"fnMap":{"0":{"name":"(anonymous_0)","decl":{"start":{"line":19,"column":21},"end":{"line":19,"column":22}},"loc":{"start":{"line":19,"column":27},"end":{"line":28,"column":1}},"line":19}},"branchMap":{},"s":{"0":0,"1":0,"2":0,"3":0},"f":{"0":0},"b":{}}
,"/Users/mattcpchen/Desktop/untitled folder/react-app-v17/src/components/component_04/Component_04.story.js": {"path":"/Users/mattcpchen/Desktop/untitled folder/react-app-v17/src/components/component_04/Component_04.story.js","statementMap":{"0":{"start":{"line":4,"column":0},"end":{"line":7,"column":5}},"1":{"start":{"line":6,"column":4},"end":{"line":6,"column":20}}},"fnMap":{"0":{"name":"(anonymous_0)","decl":{"start":{"line":5,"column":23},"end":{"line":5,"column":24}},"loc":{"start":{"line":6,"column":4},"end":{"line":6,"column":20}},"line":6}},"branchMap":{},"s":{"0":0,"1":0},"f":{"0":0},"b":{}}
}
